#
# A fatal error has been detected by the Java Runtime Environment:
#
#  EXCEPTION_ACCESS_VIOLATION (0xc0000005) at pc=0x000007feccf5260a, pid=3376, tid=6752
#
# JRE version: Java(TM) SE Runtime Environment (13.0.2+8) (build 13.0.2+8)
# Java VM: Java HotSpot(TM) 64-Bit Server VM (13.0.2+8, mixed mode, sharing, tiered, compressed oops, g1 gc, windows-amd64)
# Problematic frame:
# V  [jvm.dll+0x2e260a]
#
# No core dump will be written. Minidumps are not enabled by default on client versions of Windows
#
# If you would like to submit a bug report, please visit:
#   http://bugreport.java.com/bugreport/crash.jsp
#

---------------  S U M M A R Y ------------

Command Line: -XX:TieredStopAtLevel=1 -Xverify:none -Dspring.output.ansi.enabled=always -Dcom.sun.management.jmxremote -Dspring.jmx.enabled=true -Dspring.liveBeansView.mbeanDomain -Dspring.application.admin.enabled=true -javaagent:C:\Program Files\JetBrains\IntelliJ IDEA 2021.3\lib\idea_rt.jar=65043:C:\Program Files\JetBrains\IntelliJ IDEA 2021.3\bin -Dfile.encoding=UTF-8 com.neuro.servicediscovery.ServiceDiscoveryApplication

Host: Intel(R) Core(TM) i5-2300 CPU @ 2.80GHz, 4 cores, 7G,  Windows 7 , 64 bit Build 7601 (6.1.7601.23915)
Time: Fri Jun 17 22:15:12 2022 RTZ 2 (ceia) elapsed time: 4 seconds (0d 0h 0m 4s)

---------------  T H R E A D  ---------------

Current thread (0x0000000024b82000):  GCTaskThread "GC Thread#3" [stack: 0x0000000025bb0000,0x0000000025cb0000] [id=6752]

Stack: [0x0000000025bb0000,0x0000000025cb0000],  sp=0x0000000025caf680,  free space=1021k
Native frames: (J=compiled Java code, j=interpreted, Vv=VM code, C=native code)
V  [jvm.dll+0x2e260a]
V  [jvm.dll+0x30a0ab]
V  [jvm.dll+0x31647a]
V  [jvm.dll+0x2f5820]
V  [jvm.dll+0x2f5791]
V  [jvm.dll+0x2e6df5]
V  [jvm.dll+0x317d80]
V  [jvm.dll+0x2e95a7]
V  [jvm.dll+0x2e9ef7]
V  [jvm.dll+0x79d800]
V  [jvm.dll+0x72fcaa]
V  [jvm.dll+0x623ea6]
C  [ucrtbase.DLL+0x203ba]
C  [kernel32.dll+0x159cd]
C  [ntdll.dll+0x2a561]


siginfo: EXCEPTION_ACCESS_VIOLATION (0xc0000005), reading address 0x0000000000000400


Register to memory mapping:

RIP=0x000007feccf5260a jvm.dll
RAX=0x0 is NULL
RBX=0x00000000811791f4 is pointing into object: java.lang.reflect.Method 
{0x00000000811791a8} - klass: 'java/lang/reflect/Method'
RCX=0x0000000000000014 is an unknown value
RDX=0x0 is NULL
RSP=0x0000000025caf680 points into unknown readable memory: f0 30 b9 23 00 00 00 00
RBP=0x0000000025caf8c8 points into unknown readable memory: 90 c4 4e cd fe 07 00 00
RSI=0x0000000023b930f0 points into unknown readable memory: 68 b5 4e cd fe 07 00 00
RDI=0x0000000023b930f0 points into unknown readable memory: 68 b5 4e cd fe 07 00 00
R8 =0x0000000000000400 is an unknown value
R9 =0x0000000081116df8 is an oop: [Ljava.lang.Class; 
{0x0000000081116df8} - klass: 'java/lang/Class'[]
 - length: 1
R10=0x0000000800390f70 is pointing into metadata
R11=0x00000000811791a8 is an oop: java.lang.reflect.Method 
{0x00000000811791a8} - klass: 'java/lang/reflect/Method'
R12=0x0 is NULL
R13=0x000007fecd4ec5f0 jvm.dll
R14=0x000000000038dc58 points into unknown readable memory: c5 0a 00 00 55 02 00 00
R15=0x0000000000000040 is an unknown value


Registers:
RAX=0x0000000000000000, RBX=0x00000000811791f4, RCX=0x0000000000000014, RDX=0x0000000000000000
RSP=0x0000000025caf680, RBP=0x0000000025caf8c8, RSI=0x0000000023b930f0, RDI=0x0000000023b930f0
R8 =0x0000000000000400, R9 =0x0000000081116df8, R10=0x0000000800390f70, R11=0x00000000811791a8
R12=0x0000000000000000, R13=0x000007fecd4ec5f0, R14=0x000000000038dc58, R15=0x0000000000000040
RIP=0x000007feccf5260a, EFLAGS=0x0000000000010246

Top of Stack: (sp=0x0000000025caf680)
0x0000000025caf680:   0000000023b930f0 0000000023b90001
0x0000000025caf690:   0000000025caf8c8 0000000023b930f0
0x0000000025caf6a0:   000000000038dc50 000007feccf7a0ab
0x0000000025caf6b0:   0000000000000ac5 0000000025caf8c8
0x0000000025caf6c0:   00000000809eb800 00000000003ea180
0x0000000025caf6d0:   00000000809eb600 000007feccf85d92
0x0000000025caf6e0:   00000000809eb810 0000000000c948f0
0x0000000025caf6f0:   000000031d1a1527 0000000000c948f0
0x0000000025caf700:   000000031d1a1527 0000000000c948c3
0x0000000025caf710:   00000000809ed800 0000000000000040
0x0000000025caf720:   0000000000000028 00000000003b1580
0x0000000025caf730:   00000000809eb600 0000000025caf8c8
0x0000000025caf740:   0000000025caf8a0 0000000000000000
0x0000000025caf750:   0000000080a00000 000007feccf8647a
0x0000000025caf760:   00000000809eb600 0000000025caf780
0x0000000025caf770:   0000000025caf8c8 00000000811791f5 

Instructions: (pc=0x000007feccf5260a)
0x000007feccf5250a:   00 00 00 e8 4e dd 02 00 48 8b 4c 24 38 4c 8b cf
0x000007feccf5251a:   48 89 4c 24 28 4c 8b c5 48 8b 4c 24 30 48 8b d6
0x000007feccf5252a:   48 89 4c 24 20 48 8b d8 49 8b ce e8 56 7f 33 00
0x000007feccf5253a:   4c 8d 9c 24 90 00 00 00 48 8b c3 49 8b 5b 10 49
0x000007feccf5254a:   8b 6b 18 49 8b 73 20 49 8b 7b 28 49 8b e3 41 5e
0x000007feccf5255a:   c3 cc cc cc cc cc 48 8b 81 10 01 00 00 48 2b c2
0x000007feccf5256a:   48 89 81 10 01 00 00 c3 cc cc cc cc cc cc cc cc
0x000007feccf5257a:   cc cc cc cc cc cc 80 3d 91 27 7b 00 00 74 08 48
0x000007feccf5258a:   8b ca e9 8f 0d 3d 00 c3 cc cc cc cc cc cc cc cc
0x000007feccf5259a:   cc cc cc cc cc cc 66 c7 02 00 ff 48 8b c2 c3 cc
0x000007feccf525aa:   cc cc cc cc cc cc 48 89 5c 24 08 57 48 83 ec 20
0x000007feccf525ba:   48 8b da 48 8b f9 f6 c2 01 0f 84 00 01 00 00 8b
0x000007feccf525ca:   0d 01 24 71 00 48 83 e3 fe 48 8b 47 08 44 8b 03
0x000007feccf525da:   49 d3 e0 8b 88 60 04 00 00 48 8b 80 50 04 00 00
0x000007feccf525ea:   4c 03 05 d7 23 71 00 49 8b d0 48 d3 ea 0f b7 14
0x000007feccf525fa:   50 0f b7 c2 66 c1 e8 08 84 c0 0f 88 a3 01 00 00
0x000007feccf5260a:   4d 8b 08 41 0f b6 c1 24 03 3c 03 75 1e 80 3d 3c
0x000007feccf5261a:   39 71 00 00 74 0f 41 0f b6 c1 24 07 3c 05 75 05
0x000007feccf5262a:   45 33 c9 eb 11 49 83 e1 fc eb 0b 48 8b cf e8 33
0x000007feccf5263a:   96 02 00 4c 8b c8 8b 0d 8a 23 71 00 49 8b c1 48
0x000007feccf5264a:   2b 05 78 23 71 00 48 d3 e8 89 03 49 8b c1 8b 0d
0x000007feccf5265a:   2a 85 79 00 48 33 c3 48 d3 e8 48 85 c0 0f 84 40
0x000007feccf5266a:   01 00 00 48 8b 47 08 48 8b d3 48 8b 80 f8 00 00
0x000007feccf5267a:   00 8b 48 68 48 8b 40 58 48 d3 ea 48 8b 0c d0 8b
0x000007feccf5268a:   81 04 01 00 00 d1 e8 a8 01 0f 85 14 01 00 00 48
0x000007feccf5269a:   8b 47 08 49 8b d1 4c 8b c3 8b 88 60 04 00 00 48
0x000007feccf526aa:   8b 80 50 04 00 00 48 d3 ea 48 8b cf 0f b7 14 50
0x000007feccf526ba:   48 8b 5c 24 30 48 83 c4 20 5f e9 67 b7 ff ff 0f
0x000007feccf526ca:   b6 c3 d0 e8 a8 01 0f 85 d2 00 00 00 4c 8b 02 48
0x000007feccf526da:   8b 41 08 49 8b d0 8b 88 60 04 00 00 48 8b 80 50
0x000007feccf526ea:   04 00 00 48 d3 ea 0f b7 14 50 0f b7 c2 66 c1 e8
0x000007feccf526fa:   08 84 c0 0f 88 aa 00 00 00 4d 8b 08 41 0f b6 c1 


Stack slot to memory mapping:
stack at sp + 0 slots: 0x0000000023b930f0 points into unknown readable memory: 68 b5 4e cd fe 07 00 00
stack at sp + 1 slots: 0x0000000023b90001 points into unknown readable memory: 62 69 6e 64 2f 4a 61
stack at sp + 2 slots: 0x0000000025caf8c8 points into unknown readable memory: 90 c4 4e cd fe 07 00 00
stack at sp + 3 slots: 0x0000000023b930f0 points into unknown readable memory: 68 b5 4e cd fe 07 00 00
stack at sp + 4 slots: 0x000000000038dc50 points into unknown readable memory: c5 0a 00 00 00 00 00 00
stack at sp + 5 slots: 0x000007feccf7a0ab jvm.dll
stack at sp + 6 slots: 0x0000000000000ac5 is an unknown value
stack at sp + 7 slots: 0x0000000025caf8c8 points into unknown readable memory: 90 c4 4e cd fe 07 00 00


---------------  P R O C E S S  ---------------

Threads class SMR info:
_java_thread_list=0x00000000239e8480, length=13, elements={
0x000000000037b800, 0x00000000215e3800, 0x00000000215e6000, 0x00000000215fa800,
0x00000000215fb800, 0x00000000215fd800, 0x00000000222d2000, 0x0000000022fa8800,
0x000000002339d000, 0x0000000023446800, 0x000000002355a800, 0x0000000024cbc800,
0x0000000024cc0000
}

Java Threads: ( => current thread )
  0x000000000037b800 JavaThread "main" [_thread_blocked, id=5768, stack(0x0000000001fd0000,0x00000000020d0000)]
  0x00000000215e3800 JavaThread "Reference Handler" daemon [_thread_blocked, id=7980, stack(0x0000000022710000,0x0000000022810000)]
  0x00000000215e6000 JavaThread "Finalizer" daemon [_thread_blocked, id=4660, stack(0x0000000022870000,0x0000000022970000)]
  0x00000000215fa800 JavaThread "Signal Dispatcher" daemon [_thread_blocked, id=5516, stack(0x00000000229a0000,0x0000000022aa0000)]
  0x00000000215fb800 JavaThread "Attach Listener" daemon [_thread_blocked, id=8036, stack(0x0000000022ad0000,0x0000000022bd0000)]
  0x00000000215fd800 JavaThread "C1 CompilerThread0" daemon [_thread_blocked, id=5912, stack(0x0000000022c70000,0x0000000022d70000)]
  0x00000000222d2000 JavaThread "Sweeper thread" daemon [_thread_blocked, id=3852, stack(0x0000000022ea0000,0x0000000022fa0000)]
  0x0000000022fa8800 JavaThread "Common-Cleaner" daemon [_thread_blocked, id=5444, stack(0x0000000022d90000,0x0000000022e90000)]
  0x000000002339d000 JavaThread "Monitor Ctrl-Break" daemon [_thread_in_native, id=2980, stack(0x00000000225d0000,0x00000000226d0000)]
  0x0000000023446800 JavaThread "Service Thread" daemon [_thread_blocked, id=6176, stack(0x0000000023c40000,0x0000000023d40000)]
  0x000000002355a800 JavaThread "RMI TCP Accept-0" daemon [_thread_in_native, id=6916, stack(0x0000000024440000,0x0000000024540000)]
  0x0000000024cbc800 JavaThread "RMI TCP Connection(1)-192.168.1.5" daemon [_thread_in_native, id=6636, stack(0x0000000025f40000,0x0000000026040000)]
  0x0000000024cc0000 JavaThread "RMI Scheduler(0)" daemon [_thread_blocked, id=6460, stack(0x0000000026190000,0x0000000026290000)]

Other Threads:
  0x00000000215de800 VMThread "VM Thread" [stack: 0x00000000224b0000,0x00000000225b0000] [id=4844]
  0x0000000023595000 WatcherThread [stack: 0x0000000024570000,0x0000000024670000] [id=8044]
  0x00000000003bf800 GCTaskThread "GC Thread#0" [stack: 0x000000001ed60000,0x000000001ee60000] [id=7112]
  0x000000002348a000 GCTaskThread "GC Thread#1" [stack: 0x0000000023fa0000,0x00000000240a0000] [id=3828]
  0x000000002348a800 GCTaskThread "GC Thread#2" [stack: 0x0000000024230000,0x0000000024330000] [id=7296]
=>0x0000000024b82000 GCTaskThread "GC Thread#3" [stack: 0x0000000025bb0000,0x0000000025cb0000] [id=6752]
  0x00000000003d1800 ConcurrentGCThread "G1 Main Marker" [stack: 0x000000001ef90000,0x000000001f090000] [id=1632]
  0x00000000003d2800 ConcurrentGCThread "G1 Conc#0" [stack: 0x000000001f1e0000,0x000000001f2e0000] [id=5136]
  0x0000000021574000 ConcurrentGCThread "G1 Refine#0" [stack: 0x0000000021650000,0x0000000021750000] [id=5944]
  0x0000000021577000 ConcurrentGCThread "G1 Young RemSet Sampling" [stack: 0x00000000218b0000,0x00000000219b0000] [id=7144]

Threads with active compile tasks:

VM state:at safepoint (normal execution)

VM Mutex/Monitor currently owned by a thread:  ([mutex/lock_event])
[0x0000000000376660] Threads_lock - owner thread: 0x00000000215de800
[0x0000000000376f60] Heap_lock - owner thread: 0x000000000037b800

Heap address: 0x0000000080400000, size: 2044 MB, Compressed Oops mode: 32-bit
Narrow klass base: 0x0000000800000000, Narrow klass shift: 3
Compressed class space size: 1073741824 Address: 0x0000000800b40000

Heap:
 garbage-first heap   total 61440K, used 44490K [0x0000000080400000, 0x0000000100000000)
  region size 1024K, 30 young (30720K), 3 survivors (3072K)
 Metaspace       used 28375K, capacity 29631K, committed 29696K, reserved 1075200K
  class space    used 3853K, capacity 4340K, committed 4352K, reserved 1048576K
Heap Regions: E=young(eden), S=young(survivor), O=old, HS=humongous(starts), HC=humongous(continues), CS=collection set, F=free, A=archive, TAMS=top-at-mark-start (previous, next)
|   0|0x0000000080400000, 0x0000000080500000, 0x0000000080500000|100%| O|  |TAMS 0x0000000080500000, 0x0000000080400000| Untracked 
|   1|0x0000000080500000, 0x0000000080600000, 0x0000000080600000|100%| O|  |TAMS 0x0000000080600000, 0x0000000080500000| Untracked 
|   2|0x0000000080600000, 0x0000000080700000, 0x0000000080700000|100%| O|  |TAMS 0x0000000080700000, 0x0000000080600000| Untracked 
|   3|0x0000000080700000, 0x0000000080800000, 0x0000000080800000|100%| O|  |TAMS 0x0000000080800000, 0x0000000080700000| Untracked 
|   4|0x0000000080800000, 0x0000000080900000, 0x0000000080900000|100%| O|  |TAMS 0x0000000080900000, 0x0000000080800000| Untracked 
|   5|0x0000000080900000, 0x0000000080a00000, 0x0000000080a00000|100%| O|  |TAMS 0x0000000080a00000, 0x0000000080900000| Untracked 
|   6|0x0000000080a00000, 0x0000000080af3a00, 0x0000000080b00000| 95%| O|  |TAMS 0x0000000080af3808, 0x0000000080a00000| Untracked 
|   7|0x0000000080b00000, 0x0000000080c00000, 0x0000000080c00000|100%| O|  |TAMS 0x0000000080b00000, 0x0000000080b00000| Untracked 
|   8|0x0000000080c00000, 0x0000000080d00000, 0x0000000080d00000|100%| O|  |TAMS 0x0000000080c00000, 0x0000000080c00000| Untracked 
|   9|0x0000000080d00000, 0x0000000080e00000, 0x0000000080e00000|100%| O|  |TAMS 0x0000000080d00000, 0x0000000080d00000| Untracked 
|  10|0x0000000080e00000, 0x0000000080f00000, 0x0000000080f00000|100%| O|  |TAMS 0x0000000080e00000, 0x0000000080e00000| Untracked 
|  11|0x0000000080f00000, 0x0000000081000000, 0x0000000081000000|100%| O|  |TAMS 0x0000000080f00000, 0x0000000080f00000| Untracked 
|  12|0x0000000081000000, 0x0000000081100000, 0x0000000081100000|100%| O|  |TAMS 0x0000000081000000, 0x0000000081000000| Untracked 
|  13|0x0000000081100000, 0x0000000081195d80, 0x0000000081200000| 58%| O|  |TAMS 0x0000000081100000, 0x0000000081100000| Untracked 
|  14|0x0000000081200000, 0x0000000081200000, 0x0000000081300000|  0%| F|  |TAMS 0x0000000081200000, 0x0000000081200000| Untracked 
|  15|0x0000000081300000, 0x0000000081300000, 0x0000000081400000|  0%| F|  |TAMS 0x0000000081300000, 0x0000000081300000| Untracked 
|  16|0x0000000081400000, 0x0000000081400000, 0x0000000081500000|  0%| F|  |TAMS 0x0000000081400000, 0x0000000081400000| Untracked 
|  17|0x0000000081500000, 0x0000000081600000, 0x0000000081600000|100%| O|  |TAMS 0x0000000081500000, 0x0000000081500000| Untracked 
|  18|0x0000000081600000, 0x0000000081600000, 0x0000000081700000|  0%| F|  |TAMS 0x0000000081600000, 0x0000000081600000| Untracked 
|  19|0x0000000081700000, 0x0000000081700000, 0x0000000081800000|  0%| F|  |TAMS 0x0000000081700000, 0x0000000081700000| Untracked 
|  20|0x0000000081800000, 0x0000000081800000, 0x0000000081900000|  0%| F|  |TAMS 0x0000000081800000, 0x0000000081800000| Untracked 
|  21|0x0000000081900000, 0x0000000081900000, 0x0000000081a00000|  0%| F|  |TAMS 0x0000000081900000, 0x0000000081900000| Untracked 
|  22|0x0000000081a00000, 0x0000000081a00000, 0x0000000081b00000|  0%| F|  |TAMS 0x0000000081a00000, 0x0000000081a00000| Untracked 
|  23|0x0000000081b00000, 0x0000000081b00000, 0x0000000081c00000|  0%| F|  |TAMS 0x0000000081b00000, 0x0000000081b00000| Untracked 
|  24|0x0000000081c00000, 0x0000000081c00000, 0x0000000081d00000|  0%| F|  |TAMS 0x0000000081c00000, 0x0000000081c00000| Untracked 
|  25|0x0000000081d00000, 0x0000000081d00000, 0x0000000081e00000|  0%| F|  |TAMS 0x0000000081d00000, 0x0000000081d00000| Untracked 
|  26|0x0000000081e00000, 0x0000000081e34bb8, 0x0000000081f00000| 20%| E|CS|TAMS 0x0000000081e00000, 0x0000000081e00000| Complete 
|  27|0x0000000081f00000, 0x0000000082000000, 0x0000000082000000|100%| E|CS|TAMS 0x0000000081f00000, 0x0000000081f00000| Complete 
|  28|0x0000000082000000, 0x0000000082100000, 0x0000000082100000|100%| E|CS|TAMS 0x0000000082000000, 0x0000000082000000| Complete 
|  29|0x0000000082100000, 0x0000000082200000, 0x0000000082200000|100%| E|CS|TAMS 0x0000000082100000, 0x0000000082100000| Complete 
|  30|0x0000000082200000, 0x00000000822d64e8, 0x0000000082300000| 83%| S|  |TAMS 0x0000000082200000, 0x0000000082200000| Complete 
|  31|0x0000000082300000, 0x0000000082400000, 0x0000000082400000|100%| S|  |TAMS 0x0000000082300000, 0x0000000082300000| Complete 
|  32|0x0000000082400000, 0x0000000082500000, 0x0000000082500000|100%| S|  |TAMS 0x0000000082400000, 0x0000000082400000| Complete 
|  33|0x0000000082500000, 0x0000000082600000, 0x0000000082600000|100%| E|CS|TAMS 0x0000000082500000, 0x0000000082500000| Complete 
|  34|0x0000000082600000, 0x0000000082700000, 0x0000000082700000|100%| E|CS|TAMS 0x0000000082600000, 0x0000000082600000| Complete 
|  35|0x0000000082700000, 0x0000000082800000, 0x0000000082800000|100%| E|CS|TAMS 0x0000000082700000, 0x0000000082700000| Complete 
|  36|0x0000000082800000, 0x0000000082900000, 0x0000000082900000|100%| E|CS|TAMS 0x0000000082800000, 0x0000000082800000| Complete 
|  37|0x0000000082900000, 0x0000000082a00000, 0x0000000082a00000|100%| E|CS|TAMS 0x0000000082900000, 0x0000000082900000| Complete 
|  38|0x0000000082a00000, 0x0000000082b00000, 0x0000000082b00000|100%| E|CS|TAMS 0x0000000082a00000, 0x0000000082a00000| Complete 
|  39|0x0000000082b00000, 0x0000000082c00000, 0x0000000082c00000|100%| E|CS|TAMS 0x0000000082b00000, 0x0000000082b00000| Complete 
|  40|0x0000000082c00000, 0x0000000082d00000, 0x0000000082d00000|100%| E|CS|TAMS 0x0000000082c00000, 0x0000000082c00000| Complete 
|  41|0x0000000082d00000, 0x0000000082e00000, 0x0000000082e00000|100%| E|CS|TAMS 0x0000000082d00000, 0x0000000082d00000| Complete 
|  42|0x0000000082e00000, 0x0000000082f00000, 0x0000000082f00000|100%| E|CS|TAMS 0x0000000082e00000, 0x0000000082e00000| Complete 
|  43|0x0000000082f00000, 0x0000000083000000, 0x0000000083000000|100%| E|CS|TAMS 0x0000000082f00000, 0x0000000082f00000| Complete 
|  44|0x0000000083000000, 0x0000000083100000, 0x0000000083100000|100%| E|CS|TAMS 0x0000000083000000, 0x0000000083000000| Complete 
|  45|0x0000000083100000, 0x0000000083200000, 0x0000000083200000|100%| E|CS|TAMS 0x0000000083100000, 0x0000000083100000| Complete 
|  46|0x0000000083200000, 0x0000000083300000, 0x0000000083300000|100%| E|CS|TAMS 0x0000000083200000, 0x0000000083200000| Complete 
|  47|0x0000000083300000, 0x0000000083400000, 0x0000000083400000|100%| E|CS|TAMS 0x0000000083300000, 0x0000000083300000| Complete 
|  48|0x0000000083400000, 0x0000000083500000, 0x0000000083500000|100%| E|CS|TAMS 0x0000000083400000, 0x0000000083400000| Complete 
|  49|0x0000000083500000, 0x0000000083600000, 0x0000000083600000|100%| E|CS|TAMS 0x0000000083500000, 0x0000000083500000| Complete 
|  50|0x0000000083600000, 0x0000000083700000, 0x0000000083700000|100%| E|CS|TAMS 0x0000000083600000, 0x0000000083600000| Complete 
|  51|0x0000000083700000, 0x0000000083800000, 0x0000000083800000|100%| E|CS|TAMS 0x0000000083700000, 0x0000000083700000| Complete 
| 138|0x0000000088e00000, 0x0000000088f00000, 0x0000000088f00000|100%| E|CS|TAMS 0x0000000088e00000, 0x0000000088e00000| Complete 
| 139|0x0000000088f00000, 0x0000000089000000, 0x0000000089000000|100%| E|CS|TAMS 0x0000000088f00000, 0x0000000088f00000| Complete 
| 140|0x0000000089000000, 0x0000000089100000, 0x0000000089100000|100%| E|CS|TAMS 0x0000000089000000, 0x0000000089000000| Complete 
| 141|0x0000000089100000, 0x0000000089200000, 0x0000000089200000|100%| E|CS|TAMS 0x0000000089100000, 0x0000000089100000| Complete 
| 142|0x0000000089200000, 0x0000000089300000, 0x0000000089300000|100%| E|CS|TAMS 0x0000000089200000, 0x0000000089200000| Complete 
| 143|0x0000000089300000, 0x0000000089400000, 0x0000000089400000|100%| E|CS|TAMS 0x0000000089300000, 0x0000000089300000| Complete 
| 152|0x0000000089c00000, 0x0000000089d00000, 0x0000000089d00000|100%| E|CS|TAMS 0x0000000089c00000, 0x0000000089c00000| Complete 
| 153|0x0000000089d00000, 0x0000000089e00000, 0x0000000089e00000|100%| E|CS|TAMS 0x0000000089d00000, 0x0000000089d00000| Complete 

Card table byte_map: [0x000000001a4c0000,0x000000001a8c0000] _byte_map_base: 0x000000001a0be000

Marking Bits (Prev, Next): (CMBitMap*) 0x00000000003c0808, (CMBitMap*) 0x00000000003c07c8
 Prev Bits: [0x000000001ccb0000, 0x000000001eca0000)
 Next Bits: [0x000000001acc0000, 0x000000001ccb0000)

Polling page: 0x0000000000130000

Metaspace:

Usage:
  Non-class:     24.70 MB capacity,    23.95 MB ( 97%) used,   638.05 KB (  3%) free+waste,   131.13 KB ( <1%) overhead. 
      Class:      4.24 MB capacity,     3.76 MB ( 89%) used,   418.02 KB ( 10%) free+waste,    68.31 KB (  2%) overhead. 
       Both:     28.94 MB capacity,    27.71 MB ( 96%) used,     1.03 MB (  4%) free+waste,   199.44 KB ( <1%) overhead. 

Virtual space:
  Non-class space:       26.00 MB reserved,      24.75 MB ( 95%) committed 
      Class space:        1.00 GB reserved,       4.25 MB ( <1%) committed 
             Both:        1.03 GB reserved,      29.00 MB (  3%) committed 

Chunk freelists:
   Non-Class:  53.00 KB
       Class:  12.00 KB
        Both:  65.00 KB

MaxMetaspaceSize: 17179869184.00 GB
CompressedClassSpaceSize: 1.00 GB

CodeHeap 'non-profiled nmethods': size=238912Kb used=6766Kb max_used=6766Kb free=232146Kb
 bounds [0x000000000b150000, 0x000000000b7f0000, 0x0000000019aa0000]
CodeHeap 'non-nmethods': size=6848Kb used=1235Kb max_used=1235Kb free=5612Kb
 bounds [0x000000000aaa0000, 0x000000000ad10000, 0x000000000b150000]
 total_blobs=4729 nmethods=3930 adapters=426
 compilation: enabled
              stopped_count=0, restarted_count=0
 full_count=0

Compilation events (20 events):
Event: 4.779 Thread 0x00000000215fd800 3947       1       org.springframework.beans.factory.support.DefaultListableBeanFactory::findAnnotationOnBean (25 bytes)
Event: 4.780 Thread 0x00000000215fd800 nmethod 3947 0x000000000b7e6690 code [0x000000000b7e6880, 0x000000000b7e6d00]
Event: 4.780 Thread 0x00000000215fd800 3948       1       org.springframework.beans.factory.support.DefaultListableBeanFactory::findMergedAnnotationOnBean (153 bytes)
Event: 4.781 Thread 0x00000000215fd800 nmethod 3948 0x000000000b7e6f10 code [0x000000000b7e7200, 0x000000000b7e7ce0]
Event: 4.781 Thread 0x00000000215fd800 3949       1       org.springframework.beans.factory.support.DefaultListableBeanFactory$$Lambda$746/0x0000000800f58c40::test (10 bytes)
Event: 4.781 Thread 0x00000000215fd800 nmethod 3949 0x000000000b7e8290 code [0x000000000b7e8440, 0x000000000b7e8610]
Event: 4.787 Thread 0x00000000215fd800 3950   !   1       com.sun.proxy.$Proxy27::annotationType (29 bytes)
Event: 4.787 Thread 0x00000000215fd800 nmethod 3950 0x000000000b7e8710 code [0x000000000b7e88e0, 0x000000000b7e8b40]
Event: 4.790 Thread 0x00000000215fd800 3951   !   1       com.sun.proxy.$Proxy32::annotationType (29 bytes)
Event: 4.791 Thread 0x00000000215fd800 nmethod 3951 0x000000000b7e8c90 code [0x000000000b7e8e60, 0x000000000b7e90c0]
Event: 4.791 Thread 0x00000000215fd800 3952       1       java.util.regex.Matcher::find (69 bytes)
Event: 4.791 Thread 0x00000000215fd800 nmethod 3952 0x000000000b7e9210 code [0x000000000b7e93c0, 0x000000000b7e9590]
Event: 4.792 Thread 0x00000000215fd800 3953       1       org.springframework.core.annotation.AnnotationsScanner::isOverride (38 bytes)
Event: 4.792 Thread 0x00000000215fd800 nmethod 3953 0x000000000b7e9690 code [0x000000000b7e9840, 0x000000000b7e9a00]
Event: 4.792 Thread 0x00000000215fd800 3954       1       org.springframework.core.annotation.AnnotationsScanner::getBaseTypeMethods (145 bytes)
Event: 4.793 Thread 0x00000000215fd800 nmethod 3954 0x000000000b7e9b10 code [0x000000000b7e9d60, 0x000000000b7ea2a0]
Event: 4.793 Thread 0x00000000215fd800 3955   !   1       com.sun.proxy.$Proxy14::annotationType (29 bytes)
Event: 4.793 Thread 0x00000000215fd800 nmethod 3955 0x000000000b7ea610 code [0x000000000b7ea7e0, 0x000000000b7eaa40]
Event: 4.800 Thread 0x00000000215fd800 3956       1       org.springframework.util.ReflectionUtils::findMethod (109 bytes)
Event: 4.801 Thread 0x00000000215fd800 nmethod 3956 0x000000000b7eab90 code [0x000000000b7eade0, 0x000000000b7eb3a0]

GC Heap History (20 events):
Event: 1.191 GC heap after
{Heap after GC invocations=2 (full 0):
 garbage-first heap   total 131072K, used 7148K [0x0000000080400000, 0x0000000100000000)
  region size 1024K, 4 young (4096K), 4 survivors (4096K)
 Metaspace       used 6329K, capacity 6730K, committed 6784K, reserved 1056768K
  class space    used 772K, capacity 852K, committed 896K, reserved 1048576K
}
Event: 1.576 GC heap before
{Heap before GC invocations=2 (full 0):
 garbage-first heap   total 131072K, used 34796K [0x0000000080400000, 0x0000000100000000)
  region size 1024K, 31 young (31744K), 4 survivors (4096K)
 Metaspace       used 8925K, capacity 9365K, committed 9600K, reserved 1056768K
  class space    used 1147K, capacity 1309K, committed 1408K, reserved 1048576K
}
Event: 1.581 GC heap after
{Heap after GC invocations=3 (full 0):
 garbage-first heap   total 131072K, used 8345K [0x0000000080400000, 0x0000000100000000)
  region size 1024K, 3 young (3072K), 3 survivors (3072K)
 Metaspace       used 8925K, capacity 9365K, committed 9600K, reserved 1056768K
  class space    used 1147K, capacity 1309K, committed 1408K, reserved 1048576K
}
Event: 2.214 GC heap before
{Heap before GC invocations=3 (full 0):
 garbage-first heap   total 131072K, used 48281K [0x0000000080400000, 0x0000000100000000)
  region size 1024K, 42 young (43008K), 3 survivors (3072K)
 Metaspace       used 12472K, capacity 13028K, committed 13184K, reserved 1060864K
  class space    used 1671K, capacity 1903K, committed 1920K, reserved 1048576K
}
Event: 2.222 GC heap after
{Heap after GC invocations=4 (full 0):
 garbage-first heap   total 131072K, used 9324K [0x0000000080400000, 0x0000000100000000)
  region size 1024K, 4 young (4096K), 4 survivors (4096K)
 Metaspace       used 12472K, capacity 13028K, committed 13184K, reserved 1060864K
  class space    used 1671K, capacity 1903K, committed 1920K, reserved 1048576K
}
Event: 2.773 GC heap before
{Heap before GC invocations=4 (full 0):
 garbage-first heap   total 131072K, used 65644K [0x0000000080400000, 0x0000000100000000)
  region size 1024K, 59 young (60416K), 4 survivors (4096K)
 Metaspace       used 17893K, capacity 18656K, committed 18816K, reserved 1064960K
  class space    used 2324K, capacity 2621K, committed 2688K, reserved 1048576K
}
Event: 2.786 GC heap after
{Heap after GC invocations=5 (full 0):
 garbage-first heap   total 157696K, used 11387K [0x0000000080400000, 0x0000000100000000)
  region size 1024K, 6 young (6144K), 6 survivors (6144K)
 Metaspace       used 17893K, capacity 18656K, committed 18816K, reserved 1064960K
  class space    used 2324K, capacity 2621K, committed 2688K, reserved 1048576K
}
Event: 3.596 GC heap before
{Heap before GC invocations=5 (full 0):
 garbage-first heap   total 157696K, used 85115K [0x0000000080400000, 0x0000000100000000)
  region size 1024K, 78 young (79872K), 6 survivors (6144K)
 Metaspace       used 20080K, capacity 20952K, committed 21248K, reserved 1067008K
  class space    used 2671K, capacity 2987K, committed 3072K, reserved 1048576K
}
Event: 3.605 GC heap after
{Heap after GC invocations=6 (full 0):
 garbage-first heap   total 157696K, used 12915K [0x0000000080400000, 0x0000000100000000)
  region size 1024K, 6 young (6144K), 6 survivors (6144K)
 Metaspace       used 20080K, capacity 20952K, committed 21248K, reserved 1067008K
  class space    used 2671K, capacity 2987K, committed 3072K, reserved 1048576K
}
Event: 3.675 GC heap before
{Heap before GC invocations=6 (full 0):
 garbage-first heap   total 157696K, used 22131K [0x0000000080400000, 0x0000000100000000)
  region size 1024K, 16 young (16384K), 6 survivors (6144K)
 Metaspace       used 20368K, capacity 21208K, committed 21248K, reserved 1067008K
  class space    used 2724K, capacity 3051K, committed 3072K, reserved 1048576K
}
Event: 3.685 GC heap after
{Heap after GC invocations=7 (full 0):
 garbage-first heap   total 157696K, used 13262K [0x0000000080400000, 0x0000000100000000)
  region size 1024K, 6 young (6144K), 6 survivors (6144K)
 Metaspace       used 20368K, capacity 21208K, committed 21248K, reserved 1067008K
  class space    used 2724K, capacity 3051K, committed 3072K, reserved 1048576K
}
Event: 3.918 GC heap before
{Heap before GC invocations=8 (full 0):
 garbage-first heap   total 51200K, used 37838K [0x0000000080400000, 0x0000000100000000)
  region size 1024K, 30 young (30720K), 6 survivors (6144K)
 Metaspace       used 21989K, capacity 22837K, committed 23040K, reserved 1069056K
  class space    used 2967K, capacity 3293K, committed 3328K, reserved 1048576K
}
Event: 3.930 GC heap after
{Heap after GC invocations=9 (full 0):
 garbage-first heap   total 51200K, used 13924K [0x0000000080400000, 0x0000000100000000)
  region size 1024K, 2 young (2048K), 2 survivors (2048K)
 Metaspace       used 21989K, capacity 22837K, committed 23040K, reserved 1069056K
  class space    used 2967K, capacity 3293K, committed 3328K, reserved 1048576K
}
Event: 4.134 GC heap before
{Heap before GC invocations=9 (full 0):
 garbage-first heap   total 51200K, used 36452K [0x0000000080400000, 0x0000000100000000)
  region size 1024K, 24 young (24576K), 2 survivors (2048K)
 Metaspace       used 23874K, capacity 24890K, committed 25216K, reserved 1071104K
  class space    used 3254K, capacity 3638K, committed 3712K, reserved 1048576K
}
Event: 4.140 GC heap after
{Heap after GC invocations=10 (full 0):
 garbage-first heap   total 61440K, used 15365K [0x0000000080400000, 0x0000000100000000)
  region size 1024K, 3 young (3072K), 3 survivors (3072K)
 Metaspace       used 23874K, capacity 24890K, committed 25216K, reserved 1071104K
  class space    used 3254K, capacity 3638K, committed 3712K, reserved 1048576K
}
Event: 4.286 GC heap before
{Heap before GC invocations=10 (full 0):
 garbage-first heap   total 61440K, used 46085K [0x0000000080400000, 0x0000000100000000)
  region size 1024K, 30 young (30720K), 3 survivors (3072K)
 Metaspace       used 25236K, capacity 26256K, committed 26368K, reserved 1071104K
  class space    used 3376K, capacity 3773K, committed 3840K, reserved 1048576K
}
Event: 4.293 GC heap after
{Heap after GC invocations=11 (full 0):
 garbage-first heap   total 61440K, used 15860K [0x0000000080400000, 0x0000000100000000)
  region size 1024K, 3 young (3072K), 3 survivors (3072K)
 Metaspace       used 25236K, capacity 26256K, committed 26368K, reserved 1071104K
  class space    used 3376K, capacity 3773K, committed 3840K, reserved 1048576K
}
Event: 4.572 GC heap before
{Heap before GC invocations=11 (full 0):
 garbage-first heap   total 61440K, used 43508K [0x0000000080400000, 0x0000000100000000)
  region size 1024K, 30 young (30720K), 3 survivors (3072K)
 Metaspace       used 27487K, capacity 28652K, committed 28800K, reserved 1073152K
  class space    used 3717K, capacity 4191K, committed 4224K, reserved 1048576K
}
Event: 4.580 GC heap after
{Heap after GC invocations=12 (full 0):
 garbage-first heap   total 61440K, used 16842K [0x0000000080400000, 0x0000000100000000)
  region size 1024K, 4 young (4096K), 4 survivors (4096K)
 Metaspace       used 27487K, capacity 28652K, committed 28800K, reserved 1073152K
  class space    used 3717K, capacity 4191K, committed 4224K, reserved 1048576K
}
Event: 4.802 GC heap before
{Heap before GC invocations=12 (full 0):
 garbage-first heap   total 61440K, used 44490K [0x0000000080400000, 0x0000000100000000)
  region size 1024K, 31 young (31744K), 4 survivors (4096K)
 Metaspace       used 28375K, capacity 29631K, committed 29696K, reserved 1075200K
  class space    used 3853K, capacity 4340K, committed 4352K, reserved 1048576K
}

Deoptimization events (2 events):
Event: 4.508 Thread 0x000000000037b800 DEOPT PACKING pc=0x000000000b2c9984 sp=0x00000000020caa80
Event: 4.508 Thread 0x000000000037b800 DEOPT UNPACKING pc=0x000000000aae964e sp=0x00000000020c9fa8 mode 0

Classes unloaded (0 events):
No events

Classes redefined (0 events):
No events

Internal exceptions (20 events):
Event: 4.408 Thread 0x000000000037b800 Exception <a 'java/lang/IncompatibleClassChangeError'{0x00000000833ce448}: Found class java.lang.Object, but interface was expected> (0x00000000833ce448) 
thrown [t:/workspace/open/src/hotspot/share/interpreter/linkResolver.cpp, line 833]
Event: 4.409 Thread 0x000000000037b800 Exception <a 'java/lang/IncompatibleClassChangeError'{0x00000000833df998}: Found class java.lang.Object, but interface was expected> (0x00000000833df998) 
thrown [t:/workspace/open/src/hotspot/share/interpreter/linkResolver.cpp, line 833]
Event: 4.413 Thread 0x000000000037b800 Exception <a 'java/lang/IncompatibleClassChangeError'{0x0000000083219e28}: Found class java.lang.Object, but interface was expected> (0x0000000083219e28) 
thrown [t:/workspace/open/src/hotspot/share/interpreter/linkResolver.cpp, line 833]
Event: 4.455 Thread 0x000000000037b800 Exception <a 'java/lang/NoSuchMethodError'{0x0000000082f262a8}: 'double java.lang.invoke.DirectMethodHandle$Holder.invokeStatic(java.lang.Object, java.lang.Object)'> (0x0000000082f262a8) 
thrown [t:/workspace/open/src/hotspot/share/interpreter/linkResolver.cpp, line 767]
Event: 4.458 Thread 0x000000000037b800 Exception <a 'java/lang/NoSuchMethodError'{0x0000000082f2e6d0}: 'void java.lang.invoke.DirectMethodHandle$Holder.invokeStatic(java.lang.Object, java.lang.Object, double)'> (0x0000000082f2e6d0) 
thrown [t:/workspace/open/src/hotspot/share/interpreter/linkResolver.cpp, line 767]
Event: 4.459 Thread 0x000000000037b800 Exception <a 'java/lang/NoSuchMethodError'{0x0000000082f38bf0}: 'long java.lang.invoke.DirectMethodHandle$Holder.invokeVirtual(java.lang.Object, java.lang.Object)'> (0x0000000082f38bf0) 
thrown [t:/workspace/open/src/hotspot/share/interpreter/linkResolver.cpp, line 767]
Event: 4.468 Thread 0x000000000037b800 Exception <a 'java/lang/NoSuchMethodError'{0x0000000082fd3f98}: 'double java.lang.invoke.DirectMethodHandle$Holder.invokeStatic(java.lang.Object, java.lang.Object, java.lang.Object)'> (0x0000000082fd3f98) 
thrown [t:/workspace/open/src/hotspot/share/interpreter/linkResolver.cpp, line 767]
Event: 4.519 Thread 0x000000000037b800 Exception <a 'java/lang/ClassNotFoundException'{0x0000000082a550a8}: java/lang/ObjectCustomizer> (0x0000000082a550a8) 
thrown [t:/workspace/open/src/hotspot/share/classfile/systemDictionary.cpp, line 232]
Event: 4.520 Thread 0x000000000037b800 Exception <a 'java/lang/ClassNotFoundException'{0x0000000082a788d8}: org/springframework/aop/framework/ProxyConfigCustomizer> (0x0000000082a788d8) 
thrown [t:/workspace/open/src/hotspot/share/classfile/systemDictionary.cpp, line 232]
Event: 4.521 Thread 0x000000000037b800 Exception <a 'java/lang/ClassNotFoundException'{0x0000000082aa0818}: org/springframework/aop/scope/ScopedProxyFactoryBeanCustomizer> (0x0000000082aa0818) 
thrown [t:/workspace/open/src/hotspot/share/classfile/systemDictionary.cpp, line 232]
Event: 4.522 Thread 0x000000000037b800 Exception <a 'java/lang/ClassNotFoundException'{0x0000000082aced98}: org/springframework/cloud/context/scope/GenericScope$LockedScopedProxyFactoryBeanCustomizer> (0x0000000082aced98) 
thrown [t:/workspace/open/src/hotspot/share/classfile/systemDictionary.cpp, line 232]
Event: 4.524 Thread 0x000000000037b800 Exception <a 'java/lang/ClassNotFoundException'{0x0000000082afb898}: org/aopalliance/intercept/MethodInterceptorCustomizer> (0x0000000082afb898) 
thrown [t:/workspace/open/src/hotspot/share/classfile/systemDictionary.cpp, line 232]
Event: 4.524 Thread 0x000000000037b800 Exception <a 'java/lang/ClassNotFoundException'{0x000000008291abd0}: org/aopalliance/intercept/InterceptorCustomizer> (0x000000008291abd0) 
thrown [t:/workspace/open/src/hotspot/share/classfile/systemDictionary.cpp, line 232]
Event: 4.525 Thread 0x000000000037b800 Exception <a 'java/lang/ClassNotFoundException'{0x0000000082936430}: org/aopalliance/aop/AdviceCustomizer> (0x0000000082936430) 
thrown [t:/workspace/open/src/hotspot/share/classfile/systemDictionary.cpp, line 232]
Event: 4.526 Thread 0x000000000037b800 Exception <a 'java/lang/ClassNotFoundException'{0x00000000829560e0}: org/springframework/beans/factory/FactoryBeanCustomizer> (0x00000000829560e0) 
thrown [t:/workspace/open/src/hotspot/share/classfile/systemDictionary.cpp, line 232]
Event: 4.527 Thread 0x000000000037b800 Exception <a 'java/lang/ClassNotFoundException'{0x000000008297ac50}: org/springframework/beans/factory/BeanFactoryAwareCustomizer> (0x000000008297ac50) 
thrown [t:/workspace/open/src/hotspot/share/classfile/systemDictionary.cpp, line 232]
Event: 4.528 Thread 0x000000000037b800 Exception <a 'java/lang/ClassNotFoundException'{0x000000008299a208}: org/springframework/beans/factory/AwareCustomizer> (0x000000008299a208) 
thrown [t:/workspace/open/src/hotspot/share/classfile/systemDictionary.cpp, line 232]
Event: 4.528 Thread 0x000000000037b800 Exception <a 'java/lang/ClassNotFoundException'{0x00000000829bbb50}: org/springframework/aop/framework/AopInfrastructureBeanCustomizer> (0x00000000829bbb50) 
thrown [t:/workspace/open/src/hotspot/share/classfile/systemDictionary.cpp, line 232]
Event: 4.598 Thread 0x0000000023446800 Exception <a 'java/lang/NoSuchMethodError'{0x0000000089d96630}: 'long java.lang.invoke.DirectMethodHandle$Holder.invokeStatic(java.lang.Object, java.lang.Object, java.lang.Object)'> (0x0000000089d96630) 
thrown [t:/workspace/open/src/hotspot/share/interpreter/linkResolver.cpp, line 767]
Event: 4.671 Thread 0x0000000024cbc800 Exception <a 'java/lang/reflect/InvocationTargetException'{0x00000000834096e8}> (0x00000000834096e8) 
thrown [t:/workspace/open/src/hotspot/share/runtime/reflection.cpp, line 1188]

Events (20 events):
Event: 4.798 loading class org/springframework/boot/web/servlet/ServletContextInitializerBeans$ServletRegistrationBeanAdapter done
Event: 4.798 loading class org/springframework/boot/web/servlet/ServletContextInitializerBeans$RegistrationBeanAdapter
Event: 4.798 loading class org/springframework/boot/web/servlet/ServletContextInitializerBeans$RegistrationBeanAdapter done
Event: 4.798 loading class org/springframework/boot/web/servlet/ServletContextInitializerBeans$FilterRegistrationBeanAdapter
Event: 4.798 loading class org/springframework/boot/web/servlet/ServletContextInitializerBeans$FilterRegistrationBeanAdapter done
Event: 4.799 loading class org/springframework/boot/web/servlet/filter/OrderedRequestContextFilter
Event: 4.799 loading class org/springframework/boot/web/servlet/filter/OrderedRequestContextFilter done
Event: 4.799 loading class javax/servlet/FilterChain
Event: 4.799 loading class javax/servlet/FilterChain done
Event: 4.799 loading class javax/servlet/FilterConfig
Event: 4.799 loading class javax/servlet/FilterConfig done
Event: 4.800 loading class org/springframework/web/util/pattern/PathPatternParser$1
Event: 4.800 loading class org/springframework/web/util/pattern/PathPatternParser$1 done
Event: 4.801 loading class org/springframework/http/server/PathContainer$Options
Event: 4.801 loading class org/springframework/http/server/PathContainer$Options done
Event: 4.802 loading class com/fasterxml/jackson/datatype/joda/JodaModule
Event: 4.802 loading class com/fasterxml/jackson/datatype/joda/JodaModule done
Event: 4.802 loading class com/fasterxml/jackson/datatype/joda$JodaModule
Event: 4.802 loading class com/fasterxml/jackson/datatype/joda$JodaModule done
Event: 4.802 Executing VM operation: G1CollectForAllocation


Dynamic libraries:
0x000000013fd30000 - 0x000000013fd3f000 	C:\Program Files\Java\jdk-13.0.2\bin\java.exe
0x0000000076e10000 - 0x0000000076fba000 	C:\Windows\SYSTEM32\ntdll.dll
0x0000000076bf0000 - 0x0000000076d0f000 	C:\Windows\system32\kernel32.dll
0x000007fefccd0000 - 0x000007fefcd3a000 	C:\Windows\system32\KERNELBASE.dll
0x000007fef8690000 - 0x000007fef86a8000 	C:\Program Files\Java\jdk-13.0.2\bin\jli.dll
0x000007fefee70000 - 0x000007fefef4b000 	C:\Windows\system32\ADVAPI32.dll
0x000007fefe960000 - 0x000007fefe9ff000 	C:\Windows\system32\msvcrt.dll
0x000007fefea10000 - 0x000007fefea2f000 	C:\Windows\SYSTEM32\sechost.dll
0x000007fefec10000 - 0x000007fefed3d000 	C:\Windows\system32\RPCRT4.dll
0x000007fefae40000 - 0x000007fefb034000 	C:\Windows\WinSxS\amd64_microsoft.windows.common-controls_6595b64144ccf1df_6.0.7601.18837_none_fa3b1e3d17594757\COMCTL32.dll
0x000007fefe010000 - 0x000007fefe077000 	C:\Windows\system32\GDI32.dll
0x0000000076d10000 - 0x0000000076e0a000 	C:\Windows\system32\USER32.dll
0x000007fefcec0000 - 0x000007fefcece000 	C:\Windows\system32\LPK.dll
0x000007fefeda0000 - 0x000007fefee6b000 	C:\Windows\system32\USP10.dll
0x000007fefe080000 - 0x000007fefe0f1000 	C:\Windows\system32\SHLWAPI.dll
0x000007fefb7a0000 - 0x000007fefb7ac000 	C:\Windows\system32\VERSION.dll
0x000007fef3240000 - 0x000007fef3255000 	C:\Program Files\Java\jdk-13.0.2\bin\VCRUNTIME140.dll
0x000007fef89e0000 - 0x000007fef89e4000 	C:\Program Files\Java\jdk-13.0.2\bin\api-ms-win-crt-runtime-l1-1-0.dll
0x000007fef2a80000 - 0x000007fef2b7c000 	C:\Program Files\Java\jdk-13.0.2\bin\ucrtbase.DLL
0x000007fef5280000 - 0x000007fef5283000 	C:\Program Files\Java\jdk-13.0.2\bin\api-ms-win-core-localization-l1-2-0.dll
0x000007fef3f00000 - 0x000007fef3f03000 	C:\Program Files\Java\jdk-13.0.2\bin\api-ms-win-core-processthreads-l1-1-1.dll
0x000007fef3530000 - 0x000007fef3533000 	C:\Program Files\Java\jdk-13.0.2\bin\api-ms-win-core-file-l1-2-0.dll
0x000007fef3230000 - 0x000007fef3233000 	C:\Program Files\Java\jdk-13.0.2\bin\api-ms-win-core-timezone-l1-1-0.dll
0x000007fef3220000 - 0x000007fef3223000 	C:\Program Files\Java\jdk-13.0.2\bin\api-ms-win-core-file-l2-1-0.dll
0x000007fef2fb0000 - 0x000007fef2fb3000 	C:\Program Files\Java\jdk-13.0.2\bin\api-ms-win-core-synch-l1-2-0.dll
0x000007fef2fa0000 - 0x000007fef2fa3000 	C:\Program Files\Java\jdk-13.0.2\bin\api-ms-win-crt-heap-l1-1-0.dll
0x000007fef2f90000 - 0x000007fef2f94000 	C:\Program Files\Java\jdk-13.0.2\bin\api-ms-win-crt-string-l1-1-0.dll
0x000007fef2f80000 - 0x000007fef2f84000 	C:\Program Files\Java\jdk-13.0.2\bin\api-ms-win-crt-stdio-l1-1-0.dll
0x000007fef2a70000 - 0x000007fef2a74000 	C:\Program Files\Java\jdk-13.0.2\bin\api-ms-win-crt-convert-l1-1-0.dll
0x000007fef2a60000 - 0x000007fef2a63000 	C:\Program Files\Java\jdk-13.0.2\bin\api-ms-win-crt-environment-l1-1-0.dll
0x000007fef2a50000 - 0x000007fef2a53000 	C:\Program Files\Java\jdk-13.0.2\bin\api-ms-win-crt-filesystem-l1-1-0.dll
0x000007fef2a40000 - 0x000007fef2a45000 	C:\Program Files\Java\jdk-13.0.2\bin\api-ms-win-crt-math-l1-1-0.dll
0x000007fef2a30000 - 0x000007fef2a33000 	C:\Program Files\Java\jdk-13.0.2\bin\api-ms-win-crt-locale-l1-1-0.dll
0x000007fefe100000 - 0x000007fefe12e000 	C:\Windows\system32\IMM32.DLL
0x000007fefef70000 - 0x000007feff079000 	C:\Windows\system32\MSCTF.dll
0x000007fef2990000 - 0x000007fef2a2b000 	C:\Program Files\Java\jdk-13.0.2\bin\msvcp140.dll
0x000007fef2980000 - 0x000007fef2983000 	C:\Program Files\Java\jdk-13.0.2\bin\api-ms-win-crt-time-l1-1-0.dll
0x000007fedee20000 - 0x000007fedee23000 	C:\Program Files\Java\jdk-13.0.2\bin\api-ms-win-crt-utility-l1-1-0.dll
0x000007feccc70000 - 0x000007fecd7cd000 	C:\Program Files\Java\jdk-13.0.2\bin\server\jvm.dll
0x000007fef51d0000 - 0x000007fef51d9000 	C:\Windows\system32\WSOCK32.dll
0x000007fefebc0000 - 0x000007fefec0d000 	C:\Windows\system32\WS2_32.dll
0x000007fefea00000 - 0x000007fefea08000 	C:\Windows\system32\NSI.dll
0x000007fefa7e0000 - 0x000007fefa81b000 	C:\Windows\system32\WINMM.dll
0x0000000076fd0000 - 0x0000000076fd7000 	C:\Windows\system32\PSAPI.DLL
0x000007fedee10000 - 0x000007fedee20000 	C:\Program Files\Java\jdk-13.0.2\bin\verify.dll
0x000007fef47c0000 - 0x000007fef48e5000 	C:\Windows\system32\DBGHELP.DLL
0x000007fedede0000 - 0x000007fedee06000 	C:\Program Files\Java\jdk-13.0.2\bin\java.dll
0x000007fef8540000 - 0x000007fef854e000 	C:\Program Files\Java\jdk-13.0.2\bin\instrument.dll
0x000007fedea00000 - 0x000007fedea17000 	C:\Program Files\Java\jdk-13.0.2\bin\zip.dll
0x000007fede9f0000 - 0x000007fede9fa000 	C:\Program Files\Java\jdk-13.0.2\bin\jimage.dll
0x000007fefd280000 - 0x000007fefe00a000 	C:\Windows\system32\SHELL32.dll
0x000007fefe490000 - 0x000007fefe68c000 	C:\Windows\system32\ole32.dll
0x000007fefcb10000 - 0x000007fefcb1f000 	C:\Windows\system32\profapi.dll
0x000007fede9d0000 - 0x000007fede9e9000 	C:\Program Files\Java\jdk-13.0.2\bin\net.dll
0x000007fef7ad0000 - 0x000007fef7b41000 	C:\Windows\system32\WINHTTP.dll
0x000007fef7a60000 - 0x000007fef7ac5000 	C:\Windows\system32\webio.dll
0x000007fefbf70000 - 0x000007fefbfc5000 	C:\Windows\system32\mswsock.dll
0x000007fefbf60000 - 0x000007fefbf67000 	C:\Windows\System32\wship6.dll
0x000007fede9b0000 - 0x000007fede9c3000 	C:\Program Files\Java\jdk-13.0.2\bin\nio.dll
0x000007fef83e0000 - 0x000007fef83fa000 	C:\Program Files\JetBrains\IntelliJ IDEA 2021.3\bin\breakgen64.dll
0x000007fefb6e0000 - 0x000007fefb6e7000 	C:\Windows\System32\wshtcpip.dll
0x000007fefbdf0000 - 0x000007fefbe4b000 	C:\Windows\system32\DNSAPI.dll
0x000007fef99c0000 - 0x000007fef99e7000 	C:\Windows\system32\IPHLPAPI.DLL
0x000007fef99b0000 - 0x000007fef99bb000 	C:\Windows\system32\WINNSI.DLL
0x000007fef6630000 - 0x000007fef6638000 	C:\Windows\system32\rasadhlp.dll
0x000007fef9870000 - 0x000007fef98c3000 	C:\Windows\System32\fwpuclnt.dll
0x000007fef5110000 - 0x000007fef5119000 	C:\Program Files\Java\jdk-13.0.2\bin\management.dll
0x000007fef5100000 - 0x000007fef510b000 	C:\Program Files\Java\jdk-13.0.2\bin\management_ext.dll
0x000007fefbfd0000 - 0x000007fefbfe8000 	C:\Windows\system32\CRYPTSP.dll
0x0000000074800000 - 0x0000000074811000 	C:\Program Files\Common Files\Crypto Pro\AppCompat\cpadvai.dll
0x0000000074820000 - 0x0000000074827000 	C:\Program Files\Common Files\Crypto Pro\AppCompat\detoured.dll
0x000007fefbca0000 - 0x000007fefbce7000 	C:\Windows\system32\rsaenh.dll
0x000007fefcdc0000 - 0x000007fefcdde000 	C:\Windows\system32\USERENV.dll
0x000007fefc9a0000 - 0x000007fefc9af000 	C:\Windows\system32\CRYPTBASE.dll
0x000007fef9610000 - 0x000007fef9628000 	C:\Windows\system32\dhcpcsvc.DLL
0x000007fef9490000 - 0x000007fef94a1000 	C:\Windows\system32\dhcpcsvc6.DLL
0x000007fefa370000 - 0x000007fefa385000 	C:\Windows\system32\NLAapi.dll
0x000007fef6670000 - 0x000007fef6685000 	C:\Windows\system32\napinsp.dll
0x000007fef6650000 - 0x000007fef6669000 	C:\Windows\system32\pnrpnsp.dll
0x000007fef6640000 - 0x000007fef664b000 	C:\Windows\System32\winrnr.dll
0x000007fede790000 - 0x000007fede79e000 	C:\Program Files\Java\jdk-13.0.2\bin\sunmscapi.dll
0x000007fefcb60000 - 0x000007fefcccd000 	C:\Windows\system32\CRYPT32.dll
0x000007fefcb00000 - 0x000007fefcb0f000 	C:\Windows\system32\MSASN1.dll
0x000007fefc470000 - 0x000007fefc4c0000 	C:\Windows\system32\ncrypt.dll
0x000007fefc440000 - 0x000007fefc462000 	C:\Windows\system32\bcrypt.dll
0x0000000074830000 - 0x000000007484f000 	C:\Program Files\Common Files\Crypto Pro\AppCompat\cpcrypt.dll
0x000007fede960000 - 0x000007fede985000 	C:\Program Files\Java\jdk-13.0.2\bin\sunec.dll

dbghelp: loaded successfully - version: 4.0.5 - missing functions: none
symbol engine: initialized successfully - sym options: 0x614 - pdb path: .;C:\Program Files\Java\jdk-13.0.2\bin;C:\Windows\SYSTEM32;C:\Windows\WinSxS\amd64_microsoft.windows.common-controls_6595b64144ccf1df_6.0.7601.18837_none_fa3b1e3d17594757;C:\Program Files\Java\jdk-13.0.2\bin\server;C:\Program Files\JetBrains\IntelliJ IDEA 2021.3\bin;C:\Program Files\Common Files\Crypto Pro\AppCompat

VM Arguments:
jvm_args: -XX:TieredStopAtLevel=1 -Xverify:none -Dspring.output.ansi.enabled=always -Dcom.sun.management.jmxremote -Dspring.jmx.enabled=true -Dspring.liveBeansView.mbeanDomain -Dspring.application.admin.enabled=true -javaagent:C:\Program Files\JetBrains\IntelliJ IDEA 2021.3\lib\idea_rt.jar=65043:C:\Program Files\JetBrains\IntelliJ IDEA 2021.3\bin -Dfile.encoding=UTF-8 
java_command: com.neuro.servicediscovery.ServiceDiscoveryApplication
java_class_path (initial): D:\java projects\big-project\service-discovery\target\classes;C:\Users\Ильюша.WIN-HN5RV3QJC6V\.m2\repository\org\springframework\cloud\spring-cloud-starter-netflix-eureka-server\3.1.3\spring-cloud-starter-netflix-eureka-server-3.1.3.jar;C:\Users\Ильюша.WIN-HN5RV3QJC6V\.m2\repository\org\springframework\cloud\spring-cloud-starter\3.1.3\spring-cloud-starter-3.1.3.jar;C:\Users\Ильюша.WIN-HN5RV3QJC6V\.m2\repository\org\springframework\cloud\spring-cloud-context\3.1.3\spring-cloud-context-3.1.3.jar;C:\Users\Ильюша.WIN-HN5RV3QJC6V\.m2\repository\org\springframework\security\spring-security-crypto\5.7.1\spring-security-crypto-5.7.1.jar;C:\Users\Ильюша.WIN-HN5RV3QJC6V\.m2\repository\org\springframework\cloud\spring-cloud-commons\3.1.3\spring-cloud-commons-3.1.3.jar;C:\Users\Ильюша.WIN-HN5RV3QJC6V\.m2\repository\org\springframework\security\spring-security-rsa\1.0.10.RELEASE\spring-security-rsa-1.0.10.RELEASE.jar;C:\Users\Ильюша.WIN-HN5RV3QJC6V\.m2\repository\org\bouncycastle\bcpkix-jdk15on\1.68\bcpkix-jdk15on-1.68.jar;C:\Users\Ильюша.WIN-HN5RV3QJC6V\.m2\repository\org\bouncycastle\bcprov-jdk15on\1.68\bcprov-jdk15on-1.68.jar;C:\Users\Ильюша.WIN-HN5RV3QJC6V\.m2\repository\org\springframework\cloud\spring-cloud-netflix-eureka-server\3.1.3\spring-cloud-netflix-eureka-server-3.1.3.jar;C:\Users\Ильюша.WIN-HN5RV3QJC6V\.m2\repository\org\springframework\boot\spring-boot-starter-web\2.7.0\spring-boot-starter-web-2.7.0.jar;C:\Users\Ильюша.WIN-HN5RV3QJC6V\.m2\repository\org\springframework\boot\spring-boot-starter-json\2.7.0\spring-boot-starter-json-2.7.0.jar;C:\Users\Ильюша.WIN-HN5RV3QJC6V\.m2\repository\com\fasterxml\jackson\datatype\jackson-datatype-jdk8\2.13.3\jackson-datatype-jdk8-2.13.3.jar;C:\Users\Ильюша.WIN-HN5RV3QJC6V\.m2\repository\com\fasterxml\jackson\datatype\jackson-datatype-jsr310\2.13.3\jackson-datatype-jsr310-2.13.3.jar;C:\Users\Ильюша.WIN-HN5RV3QJC6V\.m2\repository\com\fasterxml\jackson\module\jackson-module-parameter-names\2.13.3\jackso
Launcher Type: SUN_STANDARD

[Global flags]
     intx CICompilerCount                          = 3                                         {product} {ergonomic}
     uint ConcGCThreads                            = 1                                         {product} {ergonomic}
     uint G1ConcRefinementThreads                  = 4                                         {product} {ergonomic}
   size_t G1HeapRegionSize                         = 1048576                                   {product} {ergonomic}
    uintx GCDrainStackTargetSize                   = 64                                        {product} {ergonomic}
   size_t InitialHeapSize                          = 134217728                                 {product} {ergonomic}
     bool ManagementServer                         = true                                      {product} {command line}
   size_t MarkStackSize                            = 4194304                                   {product} {ergonomic}
   size_t MaxHeapSize                              = 2143289344                                {product} {ergonomic}
   size_t MaxNewSize                               = 1285554176                                {product} {ergonomic}
   size_t MinHeapDeltaBytes                        = 1048576                                   {product} {ergonomic}
   size_t MinHeapSize                              = 8388608                                   {product} {ergonomic}
    uintx NonNMethodCodeHeapSize                   = 6973028                                {pd product} {ergonomic}
    uintx NonProfiledCodeHeapSize                  = 244685212                              {pd product} {ergonomic}
    uintx ProfiledCodeHeapSize                     = 0                                      {pd product} {ergonomic}
    uintx ReservedCodeCacheSize                    = 251658240                              {pd product} {ergonomic}
     bool SegmentedCodeCache                       = true                                      {product} {ergonomic}
   size_t SoftMaxHeapSize                          = 2143289344                             {manageable} {ergonomic}
     intx TieredStopAtLevel                        = 1                                         {product} {command line}
     bool UseCompressedClassPointers               = true                                 {lp64_product} {ergonomic}
     bool UseCompressedOops                        = true                                 {lp64_product} {ergonomic}
     bool UseG1GC                                  = true                                      {product} {ergonomic}
     bool UseLargePagesIndividualAllocation        = false                                  {pd product} {ergonomic}

Logging:
Log output configuration:
 #0: stdout all=warning uptime,level,tags
 #1: stderr all=off uptime,level,tags

Environment Variables:
PATH=C:\Program Files (x86)\Common Files\Oracle\Java\javapath;C:\Program Files\Java\jdk-13.0.2\bin;C:\Program Files\Git\cmd;C:\Program Files (x86)\NVIDIA Corporation\PhysX\Common;C:\Program Files\dotnet\;C:\Program Files\Docker Toolbox;C:\Program Files\JetBrains\IntelliJ IDEA 2021.3\bin;
USERNAME=Ильюша
OS=Windows_NT
PROCESSOR_IDENTIFIER=Intel64 Family 6 Model 42 Stepping 7, GenuineIntel



---------------  S Y S T E M  ---------------

OS: Windows 7 , 64 bit Build 7601 (6.1.7601.23915)

CPU:total 4 (initial active 4) (4 cores per cpu, 1 threads per core) family 6 model 42 stepping 7, cmov, cx8, fxsr, mmx, sse, sse2, sse3, ssse3, sse4.1, sse4.2, popcnt, avx, aes, clmul, tsc, tscinvbit

Memory: 4k page, system-wide physical 8172M (1405M free)
TotalPageFile size 16342M (AvailPageFile size 6696M)
current process WorkingSet (physical memory assigned to process): 147M, peak: 172M
current process commit charge ("private bytes"): 192M, peak: 276M

vm_info: Java HotSpot(TM) 64-Bit Server VM (13.0.2+8) for windows-amd64 JRE (13.0.2+8), built on Dec 11 2019 09:20:33 by "mach5one" with unknown MS VC++:1916

END.
